# JRE version: OpenJDK Runtime Environment (17.0.10) (build 17.0.10+0--11572160)
# Java VM: OpenJDK 64-Bit Server VM (17.0.10+0--11572160, mixed mode, tiered, compressed oops, compressed class ptrs, g1 gc, windows-amd64)
GC Precious Log:
 CPUs: 4 total, 4 available
 Memory: 3838M
 Large Page Support: Disabled
 NUMA Support: Disabled
 Compressed Oops: Enabled (32-bit)
 Heap Region Size: 1M
 Heap Min Capacity: 8M
 Heap Initial Capacity: 60M
 Heap Max Capacity: 2G
 Pre-touch: Disabled
 Parallel Workers: 4
 Concurrent Workers: 1
 Concurrent Refinement Workers: 4
 Periodic GC: Disabled
Heap:
 garbage-first heap   total 233472K, used 158729K [0x0000000080000000, 0x0000000100000000)
  region size 1024K, 7 young (7168K), 1 survivors (1024K)
 Metaspace       used 120489K, committed 121472K, reserved 1179648K
  class space    used 16289K, committed 16768K, reserved 1048576K
GC Heap History (20 events):
Event: 2450.430 GC heap before
{Heap before GC invocations=64 (full 0):
 garbage-first heap   total 172032K, used 149578K [0x0000000080000000, 0x0000000100000000)
  region size 1024K, 22 young (22528K), 1 survivors (1024K)
 Metaspace       used 119595K, committed 120448K, reserved 1179648K
  class space    used 16265K, committed 16704K, reserved 1048576K
}
Event: 2450.597 GC heap after
{Heap after GC invocations=65 (full 0):
 garbage-first heap   total 172032K, used 128516K [0x0000000080000000, 0x0000000100000000)
  region size 1024K, 1 young (1024K), 1 survivors (1024K)
 Metaspace       used 119595K, committed 120448K, reserved 1179648K
  class space    used 16265K, committed 16704K, reserved 1048576K
}
Event: 2459.130 GC heap before
{Heap before GC invocations=65 (full 0):
 garbage-first heap   total 172032K, used 150020K [0x0000000080000000, 0x0000000100000000)
  region size 1024K, 22 young (22528K), 1 survivors (1024K)
 Metaspace       used 119791K, committed 120640K, reserved 1179648K
  class space    used 16271K, committed 16704K, reserved 1048576K
}
Event: 2459.181 GC heap after
{Heap after GC invocations=66 (full 0):
 garbage-first heap   total 172032K, used 131195K [0x0000000080000000, 0x0000000100000000)
  region size 1024K, 3 young (3072K), 3 survivors (3072K)
 Metaspace       used 119791K, committed 120640K, reserved 1179648K
  class space    used 16271K, committed 16704K, reserved 1048576K
}
Event: 2465.994 GC heap before
{Heap before GC invocations=66 (full 0):
 garbage-first heap   total 172032K, used 148603K [0x0000000080000000, 0x0000000100000000)
  region size 1024K, 20 young (20480K), 3 survivors (3072K)
 Metaspace       used 120014K, committed 120896K, reserved 1179648K
  class space    used 16281K, committed 16704K, reserved 1048576K
}
Event: 2466.072 GC heap after
{Heap after GC invocations=67 (full 0):
 garbage-first heap   total 172032K, used 133874K [0x0000000080000000, 0x0000000100000000)
  region size 1024K, 3 young (3072K), 3 survivors (3072K)
 Metaspace       used 120014K, committed 120896K, reserved 1179648K
  class space    used 16281K, committed 16704K, reserved 1048576K
}
Event: 2468.475 GC heap before
{Heap before GC invocations=67 (full 0):
 garbage-first heap   total 172032K, used 148210K [0x0000000080000000, 0x0000000100000000)
  region size 1024K, 17 young (17408K), 3 survivors (3072K)
 Metaspace       used 120197K, committed 121088K, reserved 1179648K
  class space    used 16286K, committed 16704K, reserved 1048576K
}
Event: 2468.510 GC heap after
{Heap after GC invocations=68 (full 0):
 garbage-first heap   total 172032K, used 136601K [0x0000000080000000, 0x0000000100000000)
  region size 1024K, 3 young (3072K), 3 survivors (3072K)
 Metaspace       used 120197K, committed 121088K, reserved 1179648K
  class space    used 16286K, committed 16704K, reserved 1048576K
}
Event: 2472.208 GC heap before
{Heap before GC invocations=68 (full 0):
 garbage-first heap   total 172032K, used 149913K [0x0000000080000000, 0x0000000100000000)
  region size 1024K, 15 young (15360K), 3 survivors (3072K)
 Metaspace       used 120257K, committed 121152K, reserved 1179648K
  class space    used 16286K, committed 16704K, reserved 1048576K
}
Event: 2472.253 GC heap after
{Heap after GC invocations=69 (full 0):
 garbage-first heap   total 172032K, used 140763K [0x0000000080000000, 0x0000000100000000)
  region size 1024K, 2 young (2048K), 2 survivors (2048K)
 Metaspace       used 120257K, committed 121152K, reserved 1179648K
  class space    used 16286K, committed 16704K, reserved 1048576K
}
Event: 2473.393 GC heap before
{Heap before GC invocations=69 (full 0):
 garbage-first heap   total 172032K, used 146907K [0x0000000080000000, 0x0000000100000000)
  region size 1024K, 9 young (9216K), 2 survivors (2048K)
 Metaspace       used 120272K, committed 121152K, reserved 1179648K
  class space    used 16287K, committed 16704K, reserved 1048576K
}
Event: 2473.427 GC heap after
{Heap after GC invocations=70 (full 0):
 garbage-first heap   total 172032K, used 144784K [0x0000000080000000, 0x0000000100000000)
  region size 1024K, 2 young (2048K), 2 survivors (2048K)
 Metaspace       used 120272K, committed 121152K, reserved 1179648K
  class space    used 16287K, committed 16704K, reserved 1048576K
}
Event: 2474.347 GC heap before
{Heap before GC invocations=70 (full 0):
 garbage-first heap   total 172032K, used 149904K [0x0000000080000000, 0x0000000100000000)
  region size 1024K, 8 young (8192K), 2 survivors (2048K)
 Metaspace       used 120303K, committed 121152K, reserved 1179648K
  class space    used 16287K, committed 16704K, reserved 1048576K
}
Event: 2474.391 GC heap after
{Heap after GC invocations=71 (full 0):
 garbage-first heap   total 172032K, used 146066K [0x0000000080000000, 0x0000000100000000)
  region size 1024K, 1 young (1024K), 1 survivors (1024K)
 Metaspace       used 120303K, committed 121152K, reserved 1179648K
  class space    used 16287K, committed 16704K, reserved 1048576K
}
Event: 2475.557 GC heap before
{Heap before GC invocations=71 (full 0):
 garbage-first heap   total 172032K, used 153234K [0x0000000080000000, 0x0000000100000000)
  region size 1024K, 8 young (8192K), 1 survivors (1024K)
 Metaspace       used 120303K, committed 121152K, reserved 1179648K
  class space    used 16287K, committed 16704K, reserved 1048576K
}
Event: 2475.566 GC heap after
{Heap after GC invocations=72 (full 0):
 garbage-first heap   total 172032K, used 146927K [0x0000000080000000, 0x0000000100000000)
  region size 1024K, 1 young (1024K), 1 survivors (1024K)
 Metaspace       used 120303K, committed 121152K, reserved 1179648K
  class space    used 16287K, committed 16704K, reserved 1048576K
}
Event: 2476.762 GC heap before
{Heap before GC invocations=72 (full 0):
 garbage-first heap   total 172032K, used 156143K [0x0000000080000000, 0x0000000100000000)
  region size 1024K, 8 young (8192K), 1 survivors (1024K)
 Metaspace       used 120311K, committed 121152K, reserved 1179648K
  class space    used 16287K, committed 16704K, reserved 1048576K
}
Event: 2476.854 GC heap after
{Heap after GC invocations=73 (full 0):
 garbage-first heap   total 172032K, used 151296K [0x0000000080000000, 0x0000000100000000)
  region size 1024K, 1 young (1024K), 1 survivors (1024K)
 Metaspace       used 120311K, committed 121152K, reserved 1179648K
  class space    used 16287K, committed 16704K, reserved 1048576K
}
Event: 2476.910 GC heap before
{Heap before GC invocations=73 (full 0):
 garbage-first heap   total 172032K, used 153344K [0x0000000080000000, 0x0000000100000000)
  region size 1024K, 2 young (2048K), 1 survivors (1024K)
 Metaspace       used 120311K, committed 121152K, reserved 1179648K
  class space    used 16287K, committed 16704K, reserved 1048576K
}
Event: 2476.931 GC heap after
{Heap after GC invocations=74 (full 0):
 garbage-first heap   total 233472K, used 151561K [0x0000000080000000, 0x0000000100000000)
  region size 1024K, 1 young (1024K), 1 survivors (1024K)
 Metaspace       used 120311K, committed 121152K, reserved 1179648K
  class space    used 16287K, committed 16704K, reserved 1048576K
}

